# JRE version: OpenJDK Runtime Environment Microsoft-25199 (11.0.12+7) (build 11.0.12+7)
# Java VM: OpenJDK 64-Bit Server VM Microsoft-25199 (11.0.12+7, mixed mode, tiered, compressed oops, g1 gc, windows-amd64)
Heap:
 garbage-first heap   total 118784K, used 54754K [0x000000008cc00000, 0x0000000100000000)
  region size 1024K, 35 young (35840K), 2 survivors (2048K)
 Metaspace       used 63349K, capacity 64910K, committed 65024K, reserved 1105920K
  class space    used 8226K, capacity 8871K, committed 8960K, reserved 1048576K
GC Heap History (20 events):
Event: 5.938 GC heap before
{Heap before GC invocations=0 (full 0):
 garbage-first heap   total 118784K, used 14336K [0x000000008cc00000, 0x0000000100000000)
  region size 1024K, 14 young (14336K), 0 survivors (0K)
 Metaspace       used 9467K, capacity 9631K, committed 9984K, reserved 1058816K
  class space    used 849K, capacity 909K, committed 1024K, reserved 1048576K
}
Event: 5.947 GC heap after
{Heap after GC invocations=1 (full 0):
 garbage-first heap   total 118784K, used 6545K [0x000000008cc00000, 0x0000000100000000)
  region size 1024K, 2 young (2048K), 2 survivors (2048K)
 Metaspace       used 9467K, capacity 9631K, committed 9984K, reserved 1058816K
  class space    used 849K, capacity 909K, committed 1024K, reserved 1048576K
}
Event: 6.640 GC heap before
{Heap before GC invocations=1 (full 0):
 garbage-first heap   total 118784K, used 12689K [0x000000008cc00000, 0x0000000100000000)
  region size 1024K, 8 young (8192K), 2 survivors (2048K)
 Metaspace       used 10692K, capacity 10897K, committed 11136K, reserved 1058816K
  class space    used 995K, capacity 1056K, committed 1152K, reserved 1048576K
}
Event: 6.645 GC heap after
{Heap after GC invocations=2 (full 0):
 garbage-first heap   total 118784K, used 6806K [0x000000008cc00000, 0x0000000100000000)
  region size 1024K, 1 young (1024K), 1 survivors (1024K)
 Metaspace       used 10692K, capacity 10897K, committed 11136K, reserved 1058816K
  class space    used 995K, capacity 1056K, committed 1152K, reserved 1048576K
}
Event: 8.270 GC heap before
{Heap before GC invocations=2 (full 0):
 garbage-first heap   total 118784K, used 31382K [0x000000008cc00000, 0x0000000100000000)
  region size 1024K, 25 young (25600K), 1 survivors (1024K)
 Metaspace       used 16749K, capacity 17230K, committed 17408K, reserved 1064960K
  class space    used 1785K, capacity 1948K, committed 2048K, reserved 1048576K
}
Event: 8.275 GC heap after
{Heap after GC invocations=3 (full 0):
 garbage-first heap   total 118784K, used 8208K [0x000000008cc00000, 0x0000000100000000)
  region size 1024K, 2 young (2048K), 2 survivors (2048K)
 Metaspace       used 16749K, capacity 17230K, committed 17408K, reserved 1064960K
  class space    used 1785K, capacity 1948K, committed 2048K, reserved 1048576K
}
Event: 9.569 GC heap before
{Heap before GC invocations=3 (full 0):
 garbage-first heap   total 118784K, used 31760K [0x000000008cc00000, 0x0000000100000000)
  region size 1024K, 26 young (26624K), 2 survivors (2048K)
 Metaspace       used 20711K, capacity 21163K, committed 21248K, reserved 1069056K
  class space    used 2325K, capacity 2510K, committed 2560K, reserved 1048576K
}
Event: 9.574 GC heap after
{Heap after GC invocations=4 (full 0):
 garbage-first heap   total 118784K, used 8964K [0x000000008cc00000, 0x0000000100000000)
  region size 1024K, 3 young (3072K), 3 survivors (3072K)
 Metaspace       used 20711K, capacity 21163K, committed 21248K, reserved 1069056K
  class space    used 2325K, capacity 2510K, committed 2560K, reserved 1048576K
}
Event: 10.871 GC heap before
{Heap before GC invocations=5 (full 0):
 garbage-first heap   total 118784K, used 56068K [0x000000008cc00000, 0x0000000100000000)
  region size 1024K, 50 young (51200K), 3 survivors (3072K)
 Metaspace       used 25080K, capacity 25680K, committed 25984K, reserved 1073152K
  class space    used 2911K, capacity 3144K, committed 3200K, reserved 1048576K
}
Event: 10.881 GC heap after
{Heap after GC invocations=6 (full 0):
 garbage-first heap   total 118784K, used 10480K [0x000000008cc00000, 0x0000000100000000)
  region size 1024K, 4 young (4096K), 4 survivors (4096K)
 Metaspace       used 25080K, capacity 25680K, committed 25984K, reserved 1073152K
  class space    used 2911K, capacity 3144K, committed 3200K, reserved 1048576K
}
Event: 12.527 GC heap before
{Heap before GC invocations=6 (full 0):
 garbage-first heap   total 118784K, used 69872K [0x000000008cc00000, 0x0000000100000000)
  region size 1024K, 63 young (64512K), 4 survivors (4096K)
 Metaspace       used 29115K, capacity 29800K, committed 30080K, reserved 1075200K
  class space    used 3393K, capacity 3666K, committed 3712K, reserved 1048576K
}
Event: 12.538 GC heap after
{Heap after GC invocations=7 (full 0):
 garbage-first heap   total 118784K, used 11783K [0x000000008cc00000, 0x0000000100000000)
  region size 1024K, 6 young (6144K), 6 survivors (6144K)
 Metaspace       used 29115K, capacity 29800K, committed 30080K, reserved 1075200K
  class space    used 3393K, capacity 3666K, committed 3712K, reserved 1048576K
}
Event: 15.606 GC heap before
{Heap before GC invocations=7 (full 0):
 garbage-first heap   total 118784K, used 64007K [0x000000008cc00000, 0x0000000100000000)
  region size 1024K, 58 young (59392K), 6 survivors (6144K)
 Metaspace       used 34870K, capacity 35743K, committed 35840K, reserved 1081344K
  class space    used 4185K, capacity 4541K, committed 4608K, reserved 1048576K
}
Event: 15.632 GC heap after
{Heap after GC invocations=8 (full 0):
 garbage-first heap   total 118784K, used 14114K [0x000000008cc00000, 0x0000000100000000)
  region size 1024K, 6 young (6144K), 6 survivors (6144K)
 Metaspace       used 34870K, capacity 35743K, committed 35840K, reserved 1081344K
  class space    used 4185K, capacity 4541K, committed 4608K, reserved 1048576K
}
Event: 17.759 GC heap before
{Heap before GC invocations=9 (full 0):
 garbage-first heap   total 118784K, used 77602K [0x000000008cc00000, 0x0000000100000000)
  region size 1024K, 69 young (70656K), 6 survivors (6144K)
 Metaspace       used 38759K, capacity 39809K, committed 39936K, reserved 1083392K
  class space    used 4674K, capacity 5091K, committed 5120K, reserved 1048576K
}
Event: 17.780 GC heap after
{Heap after GC invocations=10 (full 0):
 garbage-first heap   total 118784K, used 16056K [0x000000008cc00000, 0x0000000100000000)
  region size 1024K, 6 young (6144K), 6 survivors (6144K)
 Metaspace       used 38759K, capacity 39809K, committed 39936K, reserved 1083392K
  class space    used 4674K, capacity 5091K, committed 5120K, reserved 1048576K
}
Event: 22.290 GC heap before
{Heap before GC invocations=10 (full 0):
 garbage-first heap   total 118784K, used 80568K [0x000000008cc00000, 0x0000000100000000)
  region size 1024K, 69 young (70656K), 6 survivors (6144K)
 Metaspace       used 50139K, capacity 51373K, committed 51456K, reserved 1093632K
  class space    used 6353K, capacity 6863K, committed 6912K, reserved 1048576K
}
Event: 22.305 GC heap after
{Heap after GC invocations=11 (full 0):
 garbage-first heap   total 118784K, used 20402K [0x000000008cc00000, 0x0000000100000000)
  region size 1024K, 9 young (9216K), 9 survivors (9216K)
 Metaspace       used 50139K, capacity 51373K, committed 51456K, reserved 1093632K
  class space    used 6353K, capacity 6863K, committed 6912K, reserved 1048576K
}
Event: 24.608 GC heap before
{Heap before GC invocations=11 (full 0):
 garbage-first heap   total 118784K, used 62386K [0x000000008cc00000, 0x0000000100000000)
  region size 1024K, 51 young (52224K), 9 survivors (9216K)
 Metaspace       used 58848K, capacity 60120K, committed 60160K, reserved 1101824K
  class space    used 7605K, capacity 8152K, committed 8192K, reserved 1048576K
}
Event: 24.627 GC heap after
{Heap after GC invocations=12 (full 0):
 garbage-first heap   total 118784K, used 21986K [0x000000008cc00000, 0x0000000100000000)
  region size 1024K, 2 young (2048K), 2 survivors (2048K)
 Metaspace       used 58848K, capacity 60120K, committed 60160K, reserved 1101824K
  class space    used 7605K, capacity 8152K, committed 8192K, reserved 1048576K
}

